<?xml version="1.0" encoding="UTF-8"?>
<!-- Generated by org.testng.reporters.JUnitXMLReporter -->
<testsuite ignored="0" hostname="DESKTOP-HBAUK9V" failures="1" tests="6" name="Test" time="38.265" errors="0" timestamp="2021-12-27T21:51:13 IST">
  <testcase classname="com.parallelExecution.Parallel_EdgeExecutionTest" name="EdgeBrowserTest1" time="4.558"/>
  <testcase classname="com.parallelExecution.Parallel_EdgeExecutionTest" name="EdgeBrowserTest2" time="6.218"/>
  <testcase classname="com.parallelExecution.Parallel_ChromeExecutionTest" name="ChromeBrowserTest1" time="6.55"/>
  <testcase classname="com.parallelExecution.Parallel_ChromeExecutionTest" name="ChromeBrowserTest2" time="6.912"/>
  <testcase classname="com.parallelExecution.Parallel_FirefoxExecutionTest" name="FirefoxBrowserTest1" time="9.545"/>
  <testcase classname="com.parallelExecution.Parallel_FirefoxExecutionTest" name="FirefoxBrowserTest2" time="4.44">
    <failure type="org.openqa.selenium.remote.http.ConnectionFailedException" message="Unable to establish websocket connection to http://localhost:59201/devtools/browser/3d295299-a9bc-4216-9d00-57b49e24fd87
Build info: version: &amp;apos;4.0.0&amp;apos;, revision: &amp;apos;3a21814679&amp;apos;
System info: host: &amp;apos;DESKTOP-HBAUK9V&amp;apos;, ip: &amp;apos;192.168.225.51&amp;apos;, os.name: &amp;apos;Windows 10&amp;apos;, os.arch: &amp;apos;amd64&amp;apos;, os.version: &amp;apos;10.0&amp;apos;, java.version: &amp;apos;17&amp;apos;
Driver info: driver.version: RemoteWebDriver">
      <![CDATA[org.openqa.selenium.remote.http.ConnectionFailedException: Unable to establish websocket connection to http://localhost:59201/devtools/browser/3d295299-a9bc-4216-9d00-57b49e24fd87
Build info: version: '4.0.0', revision: '3a21814679'
System info: host: 'DESKTOP-HBAUK9V', ip: '192.168.225.51', os.name: 'Windows 10', os.arch: 'amd64', os.version: '10.0', java.version: '17'
Driver info: driver.version: RemoteWebDriver
at org.openqa.selenium.remote.http.netty.NettyWebSocket.<init>(NettyWebSocket.java:104)
at org.openqa.selenium.remote.http.netty.NettyWebSocket.lambda$create$3(NettyWebSocket.java:137)
at org.openqa.selenium.remote.http.netty.NettyClient.openSocket(NettyClient.java:127)
at org.openqa.selenium.devtools.Connection.<init>(Connection.java:77)
at org.openqa.selenium.firefox.FirefoxDriver.maybeGetDevTools(FirefoxDriver.java:359)
at org.openqa.selenium.remote.RemoteWebDriver.close(RemoteWebDriver.java:441)
at com.parallelExecution.Parallel_FirefoxExecutionTest.FirefoxBrowserTest2(Parallel_FirefoxExecutionTest.java:28)
at java.base/java.util.ArrayList.forEach(ArrayList.java:1511)
... Removed 27 stack frames]]>
    </failure>
  </testcase> <!-- FirefoxBrowserTest2 -->
</testsuite> <!-- Test -->
